# JRE version: Java(TM) SE Runtime Environment (13.0.2+8) (build 13.0.2+8)
# Java VM: Java HotSpot(TM) 64-Bit Server VM (13.0.2+8, mixed mode, sharing, tiered, compressed oops, g1 gc, windows-amd64)
Heap:
 garbage-first heap   total 63488K, used 30278K [0x00000000c2800000, 0x0000000100000000)
  region size 1024K, 5 young (5120K), 3 survivors (3072K)
 Metaspace       used 18942K, capacity 19524K, committed 19712K, reserved 1067008K
  class space    used 2233K, capacity 2459K, committed 2560K, reserved 1048576K
GC Heap History (12 events):
Event: 1.443 GC heap before
{Heap before GC invocations=0 (full 0):
 garbage-first heap   total 63488K, used 8192K [0x00000000c2800000, 0x0000000100000000)
  region size 1024K, 7 young (7168K), 0 survivors (0K)
 Metaspace       used 716K, capacity 4660K, committed 4864K, reserved 1056768K
  class space    used 41K, capacity 424K, committed 512K, reserved 1048576K
}
Event: 1.452 GC heap after
{Heap after GC invocations=1 (full 0):
 garbage-first heap   total 63488K, used 5148K [0x00000000c2800000, 0x0000000100000000)
  region size 1024K, 1 young (1024K), 1 survivors (1024K)
 Metaspace       used 716K, capacity 4660K, committed 4864K, reserved 1056768K
  class space    used 41K, capacity 424K, committed 512K, reserved 1048576K
}
Event: 2.745 GC heap before
{Heap before GC invocations=1 (full 0):
 garbage-first heap   total 63488K, used 8220K [0x00000000c2800000, 0x0000000100000000)
  region size 1024K, 4 young (4096K), 1 survivors (1024K)
 Metaspace       used 1417K, capacity 4825K, committed 5120K, reserved 1056768K
  class space    used 109K, capacity 438K, committed 512K, reserved 1048576K
}
Event: 2.755 GC heap after
{Heap after GC invocations=2 (full 0):
 garbage-first heap   total 63488K, used 6098K [0x00000000c2800000, 0x0000000100000000)
  region size 1024K, 1 young (1024K), 1 survivors (1024K)
 Metaspace       used 1417K, capacity 4825K, committed 5120K, reserved 1056768K
  class space    used 109K, capacity 438K, committed 512K, reserved 1048576K
}
Event: 3.473 GC heap before
{Heap before GC invocations=2 (full 0):
 garbage-first heap   total 63488K, used 15314K [0x00000000c2800000, 0x0000000100000000)
  region size 1024K, 10 young (10240K), 1 survivors (1024K)
 Metaspace       used 4032K, capacity 5200K, committed 5504K, reserved 1056768K
  class space    used 395K, capacity 539K, committed 640K, reserved 1048576K
}
Event: 3.480 GC heap after
{Heap after GC invocations=3 (full 0):
 garbage-first heap   total 63488K, used 7455K [0x00000000c2800000, 0x0000000100000000)
  region size 1024K, 2 young (2048K), 2 survivors (2048K)
 Metaspace       used 4032K, capacity 5200K, committed 5504K, reserved 1056768K
  class space    used 395K, capacity 539K, committed 640K, reserved 1048576K
}
Event: 4.795 GC heap before
{Heap before GC invocations=3 (full 0):
 garbage-first heap   total 63488K, used 20767K [0x00000000c2800000, 0x0000000100000000)
  region size 1024K, 15 young (15360K), 2 survivors (2048K)
 Metaspace       used 5425K, capacity 5985K, committed 6144K, reserved 1056768K
  class space    used 552K, capacity 653K, committed 768K, reserved 1048576K
}
Event: 4.806 GC heap after
{Heap after GC invocations=4 (full 0):
 garbage-first heap   total 63488K, used 9003K [0x00000000c2800000, 0x0000000100000000)
  region size 1024K, 2 young (2048K), 2 survivors (2048K)
 Metaspace       used 5425K, capacity 5985K, committed 6144K, reserved 1056768K
  class space    used 552K, capacity 653K, committed 768K, reserved 1048576K
}
Event: 5.705 GC heap before
{Heap before GC invocations=4 (full 0):
 garbage-first heap   total 63488K, used 29483K [0x00000000c2800000, 0x0000000100000000)
  region size 1024K, 21 young (21504K), 2 survivors (2048K)
 Metaspace       used 8842K, capacity 9087K, committed 9216K, reserved 1056768K
  class space    used 863K, capacity 943K, committed 1024K, reserved 1048576K
}
Event: 5.712 GC heap after
{Heap after GC invocations=5 (full 0):
 garbage-first heap   total 63488K, used 9509K [0x00000000c2800000, 0x0000000100000000)
  region size 1024K, 2 young (2048K), 2 survivors (2048K)
 Metaspace       used 8842K, capacity 9087K, committed 9216K, reserved 1056768K
  class space    used 863K, capacity 943K, committed 1024K, reserved 1048576K
}
Event: 8.618 GC heap before
{Heap before GC invocations=5 (full 0):
 garbage-first heap   total 63488K, used 34085K [0x00000000c2800000, 0x0000000100000000)
  region size 1024K, 27 young (27648K), 2 survivors (2048K)
 Metaspace       used 14562K, capacity 15024K, committed 15104K, reserved 1062912K
  class space    used 1604K, capacity 1757K, committed 1792K, reserved 1048576K
}
Event: 8.630 GC heap after
{Heap after GC invocations=6 (full 0):
 garbage-first heap   total 63488K, used 10711K [0x00000000c2800000, 0x0000000100000000)
  region size 1024K, 4 young (4096K), 4 survivors (4096K)
 Metaspace       used 14562K, capacity 15024K, committed 15104K, reserved 1062912K
  class space    used 1604K, capacity 1757K, committed 1792K, reserved 1048576K
}

