# JRE version: Java(TM) SE Runtime Environment (13.0.2+8) (build 13.0.2+8)
# Java VM: Java HotSpot(TM) 64-Bit Server VM (13.0.2+8, mixed mode, sharing, tiered, compressed oops, g1 gc, windows-amd64)
Heap:
 garbage-first heap   total 63488K, used 28558K [0x00000000c2800000, 0x0000000100000000)
  region size 1024K, 21 young (21504K), 2 survivors (2048K)
 Metaspace       used 9311K, capacity 9539K, committed 9728K, reserved 1058816K
  class space    used 917K, capacity 1014K, committed 1024K, reserved 1048576K
GC Heap History (8 events):
Event: 1.067 GC heap before
{Heap before GC invocations=0 (full 0):
 garbage-first heap   total 63488K, used 7168K [0x00000000c2800000, 0x0000000100000000)
  region size 1024K, 7 young (7168K), 0 survivors (0K)
 Metaspace       used 736K, capacity 4656K, committed 4864K, reserved 1056768K
  class space    used 44K, capacity 424K, committed 512K, reserved 1048576K
}
Event: 1.088 GC heap after
{Heap after GC invocations=1 (full 0):
 garbage-first heap   total 63488K, used 5246K [0x00000000c2800000, 0x0000000100000000)
  region size 1024K, 1 young (1024K), 1 survivors (1024K)
 Metaspace       used 736K, capacity 4656K, committed 4864K, reserved 1056768K
  class space    used 44K, capacity 424K, committed 512K, reserved 1048576K
}
Event: 1.918 GC heap before
{Heap before GC invocations=1 (full 0):
 garbage-first heap   total 63488K, used 8318K [0x00000000c2800000, 0x0000000100000000)
  region size 1024K, 4 young (4096K), 1 survivors (1024K)
 Metaspace       used 1415K, capacity 4821K, committed 5120K, reserved 1056768K
  class space    used 107K, capacity 438K, committed 512K, reserved 1048576K
}
Event: 1.923 GC heap after
{Heap after GC invocations=2 (full 0):
 garbage-first heap   total 63488K, used 6153K [0x00000000c2800000, 0x0000000100000000)
  region size 1024K, 1 young (1024K), 1 survivors (1024K)
 Metaspace       used 1415K, capacity 4821K, committed 5120K, reserved 1056768K
  class space    used 107K, capacity 438K, committed 512K, reserved 1048576K
}
Event: 3.606 GC heap before
{Heap before GC invocations=2 (full 0):
 garbage-first heap   total 63488K, used 16393K [0x00000000c2800000, 0x0000000100000000)
  region size 1024K, 11 young (11264K), 1 survivors (1024K)
 Metaspace       used 4304K, capacity 5257K, committed 5504K, reserved 1056768K
  class space    used 422K, capacity 543K, committed 640K, reserved 1048576K
}
Event: 3.614 GC heap after
{Heap after GC invocations=3 (full 0):
 garbage-first heap   total 63488K, used 7602K [0x00000000c2800000, 0x0000000100000000)
  region size 1024K, 2 young (2048K), 2 survivors (2048K)
 Metaspace       used 4304K, capacity 5257K, committed 5504K, reserved 1056768K
  class space    used 422K, capacity 543K, committed 640K, reserved 1048576K
}
Event: 4.262 GC heap before
{Heap before GC invocations=3 (full 0):
 garbage-first heap   total 63488K, used 21938K [0x00000000c2800000, 0x0000000100000000)
  region size 1024K, 16 young (16384K), 2 survivors (2048K)
 Metaspace       used 5797K, capacity 6173K, committed 6400K, reserved 1056768K
  class space    used 584K, capacity 658K, committed 768K, reserved 1048576K
}
Event: 4.275 GC heap after
{Heap after GC invocations=4 (full 0):
 garbage-first heap   total 63488K, used 9102K [0x00000000c2800000, 0x0000000100000000)
  region size 1024K, 2 young (2048K), 2 survivors (2048K)
 Metaspace       used 5797K, capacity 6173K, committed 6400K, reserved 1056768K
  class space    used 584K, capacity 658K, committed 768K, reserved 1048576K
}

